# JRE version: Java(TM) SE Runtime Environment (8.0_101-b13) (build 1.8.0_101-b13)
# Java VM: Java HotSpot(TM) 64-Bit Server VM (25.101-b13 mixed mode windows-amd64 compressed oops)
Heap:
 PSYoungGen      total 386560K, used 112312K [0x00000000d5d00000, 0x00000000f5c00000, 0x0000000100000000)
  eden space 366080K, 25% used [0x00000000d5d00000,0x00000000db6ae308,0x00000000ec280000)
  from space 20480K, 99% used [0x00000000f3f80000,0x00000000f537ff40,0x00000000f5380000)
  to   space 8704K, 0% used [0x00000000f5380000,0x00000000f5380000,0x00000000f5c00000)
 ParOldGen       total 137728K, used 74313K [0x0000000081600000, 0x0000000089c80000, 0x00000000d5d00000)
  object space 137728K, 53% used [0x0000000081600000,0x0000000085e92580,0x0000000089c80000)
 Metaspace       used 73314K, capacity 74425K, committed 74712K, reserved 1114112K
  class space    used 9200K, capacity 9437K, committed 9472K, reserved 1048576K
GC Heap History (10 events):
Event: 34.677 GC heap before
{Heap before GC invocations=16 (full 2):
 PSYoungGen      total 328192K, used 328160K [0x00000000d5d00000, 0x00000000f0580000, 0x0000000100000000)
  eden space 313344K, 100% used [0x00000000d5d00000,0x00000000e8f00000,0x00000000e8f00000)
  from space 14848K, 99% used [0x00000000e8f00000,0x00000000e9d783a8,0x00000000e9d80000)
  to   space 18944K, 0% used [0x00000000ef300000,0x00000000ef300000,0x00000000f0580000)
 ParOldGen       total 93184K, used 28384K [0x0000000081600000, 0x0000000087100000, 0x00000000d5d00000)
  object space 93184K, 30% used [0x0000000081600000,0x00000000831b8130,0x0000000087100000)
 Metaspace       used 55554K, capacity 56173K, committed 56448K, reserved 1097728K
  class space    used 7056K, capacity 7216K, committed 7296K, reserved 1048576K
Event: 34.704 GC heap after
Heap after GC invocations=16 (full 2):
 PSYoungGen      total 416256K, used 10662K [0x00000000d5d00000, 0x00000000f0780000, 0x0000000100000000)
  eden space 397312K, 0% used [0x00000000d5d00000,0x00000000d5d00000,0x00000000ee100000)
  from space 18944K, 56% used [0x00000000ef300000,0x00000000efd69828,0x00000000f0580000)
  to   space 18432K, 0% used [0x00000000ee100000,0x00000000ee100000,0x00000000ef300000)
 ParOldGen       total 93184K, used 35532K [0x0000000081600000, 0x0000000087100000, 0x00000000d5d00000)
  object space 93184K, 38% used [0x0000000081600000,0x00000000838b3078,0x0000000087100000)
 Metaspace       used 55554K, capacity 56173K, committed 56448K, reserved 1097728K
  class space    used 7056K, capacity 7216K, committed 7296K, reserved 1048576K
}
Event: 38.218 GC heap before
{Heap before GC invocations=17 (full 2):
 PSYoungGen      total 416256K, used 350689K [0x00000000d5d00000, 0x00000000f0780000, 0x0000000100000000)
  eden space 397312K, 85% used [0x00000000d5d00000,0x00000000ea90ed08,0x00000000ee100000)
  from space 18944K, 56% used [0x00000000ef300000,0x00000000efd69828,0x00000000f0580000)
  to   space 18432K, 0% used [0x00000000ee100000,0x00000000ee100000,0x00000000ef300000)
 ParOldGen       total 93184K, used 35532K [0x0000000081600000, 0x0000000087100000, 0x00000000d5d00000)
  object space 93184K, 38% used [0x0000000081600000,0x00000000838b3078,0x0000000087100000)
 Metaspace       used 58242K, capacity 58965K, committed 59096K, reserved 1101824K
  class space    used 7438K, capacity 7618K, committed 7680K, reserved 1048576K
Event: 38.241 GC heap after
Heap after GC invocations=17 (full 2):
 PSYoungGen      total 415744K, used 16817K [0x00000000d5d00000, 0x00000000f6f80000, 0x0000000100000000)
  eden space 397312K, 0% used [0x00000000d5d00000,0x00000000d5d00000,0x00000000ee100000)
  from space 18432K, 91% used [0x00000000ee100000,0x00000000ef16c6e8,0x00000000ef300000)
  to   space 20480K, 0% used [0x00000000f5b80000,0x00000000f5b80000,0x00000000f6f80000)
 ParOldGen       total 93184K, used 35540K [0x0000000081600000, 0x0000000087100000, 0x00000000d5d00000)
  object space 93184K, 38% used [0x0000000081600000,0x00000000838b5078,0x0000000087100000)
 Metaspace       used 58242K, capacity 58965K, committed 59096K, reserved 1101824K
  class space    used 7438K, capacity 7618K, committed 7680K, reserved 1048576K
}
Event: 38.241 GC heap before
{Heap before GC invocations=18 (full 3):
 PSYoungGen      total 415744K, used 16817K [0x00000000d5d00000, 0x00000000f6f80000, 0x0000000100000000)
  eden space 397312K, 0% used [0x00000000d5d00000,0x00000000d5d00000,0x00000000ee100000)
  from space 18432K, 91% used [0x00000000ee100000,0x00000000ef16c6e8,0x00000000ef300000)
  to   space 20480K, 0% used [0x00000000f5b80000,0x00000000f5b80000,0x00000000f6f80000)
 ParOldGen       total 93184K, used 35540K [0x0000000081600000, 0x0000000087100000, 0x00000000d5d00000)
  object space 93184K, 38% used [0x0000000081600000,0x00000000838b5078,0x0000000087100000)
 Metaspace       used 58242K, capacity 58965K, committed 59096K, reserved 1101824K
  class space    used 7438K, capacity 7618K, committed 7680K, reserved 1048576K
Event: 38.557 GC heap after
Heap after GC invocations=18 (full 3):
 PSYoungGen      total 415744K, used 0K [0x00000000d5d00000, 0x00000000f6f80000, 0x0000000100000000)
  eden space 397312K, 0% used [0x00000000d5d00000,0x00000000d5d00000,0x00000000ee100000)
  from space 18432K, 0% used [0x00000000ee100000,0x00000000ee100000,0x00000000ef300000)
  to   space 20480K, 0% used [0x00000000f5b80000,0x00000000f5b80000,0x00000000f6f80000)
 ParOldGen       total 137728K, used 43328K [0x0000000081600000, 0x0000000089c80000, 0x00000000d5d00000)
  object space 137728K, 31% used [0x0000000081600000,0x0000000084050288,0x0000000089c80000)
 Metaspace       used 58242K, capacity 58965K, committed 59096K, reserved 1101824K
  class space    used 7438K, capacity 7618K, committed 7680K, reserved 1048576K
}
Event: 3773.621 GC heap before
{Heap before GC invocations=19 (full 3):
 PSYoungGen      total 415744K, used 397312K [0x00000000d5d00000, 0x00000000f6f80000, 0x0000000100000000)
  eden space 397312K, 100% used [0x00000000d5d00000,0x00000000ee100000,0x00000000ee100000)
  from space 18432K, 0% used [0x00000000ee100000,0x00000000ee100000,0x00000000ef300000)
  to   space 20480K, 0% used [0x00000000f5b80000,0x00000000f5b80000,0x00000000f6f80000)
 ParOldGen       total 137728K, used 43328K [0x0000000081600000, 0x0000000089c80000, 0x00000000d5d00000)
  object space 137728K, 31% used [0x0000000081600000,0x0000000084050288,0x0000000089c80000)
 Metaspace       used 64510K, capacity 65443K, committed 65496K, reserved 1105920K
  class space    used 8223K, capacity 8443K, committed 8448K, reserved 1048576K
Event: 3773.772 GC heap after
Heap after GC invocations=19 (full 3):
 PSYoungGen      total 393728K, used 12271K [0x00000000d5d00000, 0x00000000f6780000, 0x0000000100000000)
  eden space 381440K, 0% used [0x00000000d5d00000,0x00000000d5d00000,0x00000000ed180000)
  from space 12288K, 99% used [0x00000000f5b80000,0x00000000f677bf20,0x00000000f6780000)
  to   space 20480K, 0% used [0x00000000f3f80000,0x00000000f3f80000,0x00000000f5380000)
 ParOldGen       total 137728K, used 43336K [0x0000000081600000, 0x0000000089c80000, 0x00000000d5d00000)
  object space 137728K, 31% used [0x0000000081600000,0x0000000084052288,0x0000000089c80000)
 Metaspace       used 64510K, capacity 65443K, committed 65496K, reserved 1105920K
  class space    used 8223K, capacity 8443K, committed 8448K, reserved 1048576K
}
Event: 4089.918 GC heap before
{Heap before GC invocations=20 (full 3):
 PSYoungGen      total 393728K, used 393711K [0x00000000d5d00000, 0x00000000f6780000, 0x0000000100000000)
  eden space 381440K, 100% used [0x00000000d5d00000,0x00000000ed180000,0x00000000ed180000)
  from space 12288K, 99% used [0x00000000f5b80000,0x00000000f677bf20,0x00000000f6780000)
  to   space 20480K, 0% used [0x00000000f3f80000,0x00000000f3f80000,0x00000000f5380000)
 ParOldGen       total 137728K, used 43336K [0x0000000081600000, 0x0000000089c80000, 0x00000000d5d00000)
  object space 137728K, 31% used [0x0000000081600000,0x0000000084052288,0x0000000089c80000)
 Metaspace       used 73307K, capacity 74419K, committed 74456K, reserved 1114112K
  class space    used 9199K, capacity 9436K, committed 9472K, reserved 1048576K
Event: 4089.971 GC heap after
Heap after GC invocations=20 (full 3):
 PSYoungGen      total 386560K, used 20479K [0x00000000d5d00000, 0x00000000f5c00000, 0x0000000100000000)
  eden space 366080K, 0% used [0x00000000d5d00000,0x00000000d5d00000,0x00000000ec280000)
  from space 20480K, 99% used [0x00000000f3f80000,0x00000000f537ff40,0x00000000f5380000)
  to   space 8704K, 0% used [0x00000000f5380000,0x00000000f5380000,0x00000000f5c00000)
 ParOldGen       total 137728K, used 74313K [0x0000000081600000, 0x0000000089c80000, 0x00000000d5d00000)
  object space 137728K, 53% used [0x0000000081600000,0x0000000085e92580,0x0000000089c80000)
 Metaspace       used 73307K, capacity 74419K, committed 74456K, reserved 1114112K
  class space    used 9199K, capacity 9436K, committed 9472K, reserved 1048576K
}

